<?xml version="1.0" encoding="UTF-8"?>
<robot generator="Robot 7.0 (Python 3.12.0 on win32)" generated="2024-03-19T16:50:16.472625" rpa="false" schemaversion="5">
<suite id="s1" name="Experimenting file" source="C:\Users\Prasa\PycharmProjects\CompleteTestingEndToEnd\Demo\Robot_frameworks\tests\Experimenting_file.robot">
<test id="s1-t1" name="Validate UnSuccessful Login" line="13">
<kw name="open the browser with Mortgage payment url" owner="Resource" type="SETUP">
<kw name="Create Webdriver" owner="SeleniumLibrary">
<msg time="2024-03-19T16:50:16.752122" level="INFO">Creating an instance of the Chrome WebDriver.</msg>
<arg>Chrome</arg>
<doc>Creates an instance of Selenium WebDriver.</doc>
<status status="PASS" start="2024-03-19T16:50:16.751000" elapsed="2.044493"/>
</kw>
<kw name="Go To" owner="SeleniumLibrary">
<msg time="2024-03-19T16:50:18.795493" level="INFO">Opening url 'https://rahulshettyacademy.com/loginpagePractise/'</msg>
<arg>https://rahulshettyacademy.com/loginpagePractise/</arg>
<doc>Navigates the current browser window to the provided ``url``.</doc>
<status status="PASS" start="2024-03-19T16:50:18.795493" elapsed="0.618593"/>
</kw>
<status status="PASS" start="2024-03-19T16:50:16.751000" elapsed="2.664129"/>
</kw>
<kw name="Fill the login Form">
<kw name="Input Text" owner="SeleniumLibrary">
<msg time="2024-03-19T16:50:19.418223" level="INFO">Typing text 'rahulshettyacademy' into text field 'xpath://input[@id='username']'.</msg>
<arg>xpath://input[@id='username']</arg>
<arg>${user_name}</arg>
<doc>Types the given ``text`` into the text field identified by ``locator``.</doc>
<status status="PASS" start="2024-03-19T16:50:19.416540" elapsed="0.326448"/>
</kw>
<kw name="Input Password" owner="SeleniumLibrary">
<msg time="2024-03-19T16:50:19.745102" level="INFO">Typing password into text field 'xpath://input[@id='password']'.</msg>
<msg time="2024-03-19T16:50:19.789940" level="INFO">Temporally setting log level to: NONE</msg>
<arg>xpath://input[@id='password']</arg>
<arg>${invalid_password}</arg>
<doc>Types the given password into the text field identified by ``locator``.</doc>
<status status="PASS" start="2024-03-19T16:50:19.744091" elapsed="0.137893"/>
</kw>
<kw name="Click Button" owner="SeleniumLibrary">
<msg time="2024-03-19T16:50:19.881984" level="INFO">Clicking button 'xpath://input[@id='signInBtn']'.</msg>
<arg>xpath://input[@id='signInBtn']</arg>
<doc>Clicks the button identified by ``locator``.</doc>
<status status="PASS" start="2024-03-19T16:50:19.881984" elapsed="0.080264"/>
</kw>
<status status="PASS" start="2024-03-19T16:50:19.416392" elapsed="0.546857"/>
</kw>
<kw name="wait until it checks and display error message">
<kw name="Wait Until Element Is Visible" owner="SeleniumLibrary">
<arg>${Error_message_Login}</arg>
<doc>Waits until the element ``locator`` is visible.</doc>
<status status="PASS" start="2024-03-19T16:50:19.964424" elapsed="2.216000"/>
</kw>
<status status="PASS" start="2024-03-19T16:50:19.963341" elapsed="2.218156"/>
</kw>
<kw name="verify error message is correct">
<kw name="Element Text Should Be" owner="SeleniumLibrary">
<msg time="2024-03-19T16:50:22.182584" level="INFO">Verifying element 'css:.alert.alert-danger.col-md-12' contains exact text 'Incorrect username/password.'.</msg>
<arg>${Error_message_Login}</arg>
<arg>Incorrect username/password.</arg>
<doc>Verifies that element ``locator`` contains exact the text ``expected``.</doc>
<status status="PASS" start="2024-03-19T16:50:22.181497" elapsed="0.031044"/>
</kw>
<status status="PASS" start="2024-03-19T16:50:22.181497" elapsed="0.031044"/>
</kw>
<kw name="Close Browser session" owner="Resource" type="TEARDOWN">
<kw name="Close Browser" owner="SeleniumLibrary">
<doc>Closes the current browser.</doc>
<status status="PASS" start="2024-03-19T16:50:22.213644" elapsed="2.272436"/>
</kw>
<status status="PASS" start="2024-03-19T16:50:22.213644" elapsed="2.272436"/>
</kw>
<status status="PASS" start="2024-03-19T16:50:16.748743" elapsed="7.738398"/>
</test>
<doc>To validate the login form</doc>
<status status="PASS" start="2024-03-19T16:50:16.474811" elapsed="8.013956"/>
</suite>
<statistics>
<total>
<stat pass="1" fail="0" skip="0">All Tests</stat>
</total>
<tag>
</tag>
<suite>
<stat pass="1" fail="0" skip="0" id="s1" name="Experimenting file">Experimenting file</stat>
</suite>
</statistics>
<errors>
</errors>
</robot>
