{"name": "Login Page validation Username and Password -- @1.3 ", "status": "failed", "statusDetails": {"message": "AssertionError: Test Fail\n", "trace": "  File \"C:\\Users\\Prasa\\Python-env\\Lib\\site-packages\\behave\\model.py\", line 1329, in run\n    match.run(runner.context)\n  File \"C:\\Users\\Prasa\\Python-env\\Lib\\site-packages\\behave\\matchers.py\", line 98, in run\n    self.func(context, *args, **kwargs)\n  File \"steps\\ScenarioOutlining_example.py\", line 32, in verify_login_page_title\n    assert False , \"Test Fail\"\n"}, "steps": [{"name": "Given Open OrangeHRM in browser", "status": "passed", "start": 1710694778108, "stop": 1710694785432}, {"name": "When Validating asdf*123 and admin123", "status": "passed", "start": 1710694785432, "stop": 1710694793005}, {"name": "Then Verify login Home status", "status": "failed", "statusDetails": {"message": "AssertionError: Test Fail\n", "trace": "  File \"C:\\Users\\Prasa\\Python-env\\Lib\\site-packages\\behave\\model.py\", line 1329, in run\n    match.run(runner.context)\n  File \"C:\\Users\\Prasa\\Python-env\\Lib\\site-packages\\behave\\matchers.py\", line 98, in run\n    self.func(context, *args, **kwargs)\n  File \"steps\\ScenarioOutlining_example.py\", line 32, in verify_login_page_title\n    assert False , \"Test Fail\"\n"}, "start": 1710694793005, "stop": 1710694793180}], "parameters": [{"name": "username", "value": "asdf*123"}, {"name": "password", "value": "admin123"}], "start": 1710694778092, "stop": 1710694793196, "uuid": "08441681-5830-4a5f-8ca5-e3ea8d4e59f3", "historyId": "10d24eaff3962e87f231155d41c49865", "fullName": "Feature: Verify login page test cases: Login Page validation Username and Password", "labels": [{"name": "severity", "value": "normal"}, {"name": "feature", "value": "Feature: Verify login page test cases"}, {"name": "framework", "value": "behave"}, {"name": "language", "value": "cpython3"}]}