{"name": "Login Page validation Username and Password -- @1.2 ", "status": "failed", "statusDetails": {"message": "AssertionError: Test Fail\n", "trace": "  File \"C:\\Users\\Prasa\\Python-env\\Lib\\site-packages\\behave\\model.py\", line 1329, in run\n    match.run(runner.context)\n  File \"C:\\Users\\Prasa\\Python-env\\Lib\\site-packages\\behave\\matchers.py\", line 98, in run\n    self.func(context, *args, **kwargs)\n  File \"steps\\ScenarioOutlining_example.py\", line 32, in verify_login_page_title\n    assert False , \"Test Fail\"\n"}, "steps": [{"name": "Given Open OrangeHRM in browser", "status": "passed", "start": 1710694690394, "stop": 1710694697290}, {"name": "When Validating Admin and asdf*123", "status": "passed", "start": 1710694697290, "stop": 1710694705117}, {"name": "Then Verify login Home status", "status": "failed", "statusDetails": {"message": "AssertionError: Test Fail\n", "trace": "  File \"C:\\Users\\Prasa\\Python-env\\Lib\\site-packages\\behave\\model.py\", line 1329, in run\n    match.run(runner.context)\n  File \"C:\\Users\\Prasa\\Python-env\\Lib\\site-packages\\behave\\matchers.py\", line 98, in run\n    self.func(context, *args, **kwargs)\n  File \"steps\\ScenarioOutlining_example.py\", line 32, in verify_login_page_title\n    assert False , \"Test Fail\"\n"}, "start": 1710694705117, "stop": 1710694705322}], "parameters": [{"name": "username", "value": "Admin"}, {"name": "password", "value": "asdf*123"}], "start": 1710694690394, "stop": 1710694705322, "uuid": "bb5d639e-3385-4717-a97c-6ee86aa69467", "historyId": "6d0c5195e60418515c7d85866852e49f", "fullName": "Verify login page test cases: Login Page validation Username and Password", "labels": [{"name": "severity", "value": "normal"}, {"name": "tag", "value": "sanity"}, {"name": "feature", "value": "Verify login page test cases"}, {"name": "framework", "value": "behave"}, {"name": "language", "value": "cpython3"}]}