{"name": "Login Page validation Username and Password -- @1.2 ", "status": "failed", "statusDetails": {"message": "AssertionError: Test Fail\n", "trace": "  File \"C:\\Users\\Prasa\\Python-env\\Lib\\site-packages\\behave\\model.py\", line 1329, in run\n    match.run(runner.context)\n  File \"C:\\Users\\Prasa\\Python-env\\Lib\\site-packages\\behave\\matchers.py\", line 98, in run\n    self.func(context, *args, **kwargs)\n  File \"steps\\ScenarioOutlining_example.py\", line 32, in verify_login_page_title\n    assert False , \"Test Fail\"\n"}, "steps": [{"name": "Given Open OrangeHRM in browser", "status": "passed", "start": 1710694763415, "stop": 1710694770344}, {"name": "When Validating Admin and asdf*123", "status": "passed", "start": 1710694770344, "stop": 1710694777900}, {"name": "Then Verify login Home status", "status": "failed", "statusDetails": {"message": "AssertionError: Test Fail\n", "trace": "  File \"C:\\Users\\Prasa\\Python-env\\Lib\\site-packages\\behave\\model.py\", line 1329, in run\n    match.run(runner.context)\n  File \"C:\\Users\\Prasa\\Python-env\\Lib\\site-packages\\behave\\matchers.py\", line 98, in run\n    self.func(context, *args, **kwargs)\n  File \"steps\\ScenarioOutlining_example.py\", line 32, in verify_login_page_title\n    assert False , \"Test Fail\"\n"}, "start": 1710694777900, "stop": 1710694778092}], "parameters": [{"name": "username", "value": "Admin"}, {"name": "password", "value": "asdf*123"}], "start": 1710694763415, "stop": 1710694778092, "uuid": "aeffd176-f420-4aff-b998-7d5bfe59c05e", "historyId": "c392956555e8b893ddfe49fe87993f77", "fullName": "Feature: Verify login page test cases: Login Page validation Username and Password", "labels": [{"name": "severity", "value": "normal"}, {"name": "feature", "value": "Feature: Verify login page test cases"}, {"name": "framework", "value": "behave"}, {"name": "language", "value": "cpython3"}]}