{"name": "Login Page validation Username and Password -- @1.3 ", "status": "failed", "statusDetails": {"message": "AssertionError: Test Fail\n", "trace": "  File \"C:\\Users\\Prasa\\Python-env\\Lib\\site-packages\\behave\\model.py\", line 1329, in run\n    match.run(runner.context)\n  File \"C:\\Users\\Prasa\\Python-env\\Lib\\site-packages\\behave\\matchers.py\", line 98, in run\n    self.func(context, *args, **kwargs)\n  File \"steps\\sampleForBackground.py\", line 49, in verify_login_page_title\n    assert False, \"Test Fail\"\n"}, "steps": [{"name": "Given Open Orange_HRM browser", "status": "passed", "start": 1710694618351, "stop": 1710694625210}, {"name": "When Passing the below asdf*123 and admin123 in params", "status": "passed", "start": 1710694625210, "stop": 1710694632758}, {"name": "Then Verifying login Home status", "status": "failed", "statusDetails": {"message": "AssertionError: Test Fail\n", "trace": "  File \"C:\\Users\\Prasa\\Python-env\\Lib\\site-packages\\behave\\model.py\", line 1329, in run\n    match.run(runner.context)\n  File \"C:\\Users\\Prasa\\Python-env\\Lib\\site-packages\\behave\\matchers.py\", line 98, in run\n    self.func(context, *args, **kwargs)\n  File \"steps\\sampleForBackground.py\", line 49, in verify_login_page_title\n    assert False, \"Test Fail\"\n"}, "start": 1710694632758, "stop": 1710694633033}], "parameters": [{"name": "UserName", "value": "asdf*123"}, {"name": "PassWord", "value": "admin123"}], "start": 1710694618351, "stop": 1710694633033, "uuid": "8e624e15-b266-4b42-9354-7d93e716d9f7", "historyId": "d69f609d0b22a199481481ecd5e03549", "fullName": "Verify login page test cases: Login Page validation Username and Password", "labels": [{"name": "severity", "value": "normal"}, {"name": "feature", "value": "Verify login page test cases"}, {"name": "framework", "value": "behave"}, {"name": "language", "value": "cpython3"}]}