{"name": "Login Page validation Username and Password -- @1.3 ", "status": "failed", "statusDetails": {"message": "AssertionError: Test Fail\n", "trace": "  File \"C:\\Users\\Prasa\\Python-env\\Lib\\site-packages\\behave\\model.py\", line 1329, in run\n    match.run(runner.context)\n  File \"C:\\Users\\Prasa\\Python-env\\Lib\\site-packages\\behave\\matchers.py\", line 98, in run\n    self.func(context, *args, **kwargs)\n  File \"steps\\ScenarioOutlining_example.py\", line 32, in verify_login_page_title\n    assert False , \"Test Fail\"\n"}, "steps": [{"name": "Given Open OrangeHRM in browser", "status": "passed", "start": 1710694705338, "stop": 1710694713075}, {"name": "When Validating asdf*123 and admin123", "status": "passed", "start": 1710694713075, "stop": 1710694720111}, {"name": "Then Verify login Home status", "status": "failed", "statusDetails": {"message": "AssertionError: Test Fail\n", "trace": "  File \"C:\\Users\\Prasa\\Python-env\\Lib\\site-packages\\behave\\model.py\", line 1329, in run\n    match.run(runner.context)\n  File \"C:\\Users\\Prasa\\Python-env\\Lib\\site-packages\\behave\\matchers.py\", line 98, in run\n    self.func(context, *args, **kwargs)\n  File \"steps\\ScenarioOutlining_example.py\", line 32, in verify_login_page_title\n    assert False , \"Test Fail\"\n"}, "start": 1710694720111, "stop": 1710694720327}], "parameters": [{"name": "username", "value": "asdf*123"}, {"name": "password", "value": "admin123"}], "start": 1710694705338, "stop": 1710694720327, "uuid": "4f18392d-2de8-4b0f-ab35-c0cbfc84b032", "historyId": "ba8e21654efff605d898dd8df7158b7a", "fullName": "Verify login page test cases: Login Page validation Username and Password", "labels": [{"name": "severity", "value": "normal"}, {"name": "tag", "value": "sanity"}, {"name": "feature", "value": "Verify login page test cases"}, {"name": "framework", "value": "behave"}, {"name": "language", "value": "cpython3"}]}