{"name": "Login Page validation Username and Password -- @1.2 ", "status": "failed", "statusDetails": {"message": "AssertionError: Test Fail\n", "trace": "  File \"C:\\Users\\Prasa\\Python-env\\Lib\\site-packages\\behave\\model.py\", line 1329, in run\n    match.run(runner.context)\n  File \"C:\\Users\\Prasa\\Python-env\\Lib\\site-packages\\behave\\matchers.py\", line 98, in run\n    self.func(context, *args, **kwargs)\n  File \"steps\\sampleForBackground.py\", line 49, in verify_login_page_title\n    assert False, \"Test Fail\"\n"}, "steps": [{"name": "Given Open Orange_HRM browser", "status": "passed", "start": 1710694604767, "stop": 1710694611482}, {"name": "When Passing the below Admin and asdf*123 in params", "status": "passed", "start": 1710694611482, "stop": 1710694617779}, {"name": "Then Verifying login Home status", "status": "failed", "statusDetails": {"message": "AssertionError: Test Fail\n", "trace": "  File \"C:\\Users\\Prasa\\Python-env\\Lib\\site-packages\\behave\\model.py\", line 1329, in run\n    match.run(runner.context)\n  File \"C:\\Users\\Prasa\\Python-env\\Lib\\site-packages\\behave\\matchers.py\", line 98, in run\n    self.func(context, *args, **kwargs)\n  File \"steps\\sampleForBackground.py\", line 49, in verify_login_page_title\n    assert False, \"Test Fail\"\n"}, "start": 1710694617779, "stop": 1710694618351}], "parameters": [{"name": "UserName", "value": "Admin"}, {"name": "PassWord", "value": "asdf*123"}], "start": 1710694604767, "stop": 1710694618351, "uuid": "f2a9fe23-1aaf-430a-8f4d-6cff65723ffe", "historyId": "ccc08f29d6490ab58bf5275f0880d17c", "fullName": "Verify login page test cases: Login Page validation Username and Password", "labels": [{"name": "severity", "value": "normal"}, {"name": "feature", "value": "Verify login page test cases"}, {"name": "framework", "value": "behave"}, {"name": "language", "value": "cpython3"}]}